<?xml version="1.0" encoding="UTF-8"?>
<!-- Generated by org.testng.reporters.JUnitReportReporter -->
<testsuite hostname="MacBook-Pro.lan" failures="0" tests="4" name="api.test.Usertests" time="3.340" errors="0" timestamp="2024-11-30T16:30:50 CST" skipped="0">
  <testcase classname="api.test.Usertests" name="testPostUser" time="1.968"/>
  <system-out/>
  <testcase classname="api.test.Usertests" name="testGetUser" time="0.379"/>
  <system-out/>
  <testcase classname="api.test.Usertests" name="testUpdateUser" time="0.667"/>
  <system-out/>
  <testcase classname="api.test.Usertests" name="testDeleteUser" time="0.326"/>
  <system-out/>
</testsuite> <!-- api.test.Usertests -->
