<?xml version="1.0" encoding="UTF-8"?>
<!-- Generated by org.testng.reporters.JUnitReportReporter -->
<testsuite hostname="MacBook-Pro.lan" failures="0" tests="4" name="api.test.Usertests" time="3.535" errors="0" timestamp="2024-12-01T19:31:16 CST" skipped="0">
  <testcase classname="api.test.Usertests" name="testPostUser" time="2.400"/>
  <system-out/>
  <testcase classname="api.test.Usertests" name="testGetUser" time="0.304"/>
  <system-out/>
  <testcase classname="api.test.Usertests" name="testUpdateUser" time="0.543"/>
  <system-out/>
  <testcase classname="api.test.Usertests" name="testDeleteUser" time="0.288"/>
  <system-out/>
</testsuite> <!-- api.test.Usertests -->
